<?xml version="1.0" encoding="UTF-8"?>
<!-- Generated by org.testng.reporters.JUnitXMLReporter -->
<testsuite hostname="MacBook-Pro-4.local" name="Command line test" tests="16" failures="0" timestamp="19 Jan 2017 12:06:02 GMT" time="0.096" errors="0">
  <testcase name="testCreateNewAttribute" time="0.062" classname="org.molgenis.downloader.client.MetadataRepositoryTest"/>
  <testcase name="testCreateNewEntity" time="0.002" classname="org.molgenis.downloader.client.MetadataRepositoryTest"/>
  <testcase name="testCreateNewPackage" time="0.001" classname="org.molgenis.downloader.client.MetadataRepositoryTest"/>
  <testcase name="testCreateNewTag" time="0.002" classname="org.molgenis.downloader.client.MetadataRepositoryTest"/>
  <testcase name="testEntityByName" time="0.0" classname="org.molgenis.downloader.client.MetadataRepositoryTest"/>
  <testcase name="testRetrieveExistingAttribute" time="0.0" classname="org.molgenis.downloader.client.MetadataRepositoryTest"/>
  <testcase name="testRetrieveExistingEntity" time="0.0" classname="org.molgenis.downloader.client.MetadataRepositoryTest"/>
  <testcase name="testRetrieveExistingPackage" time="0.0" classname="org.molgenis.downloader.client.MetadataRepositoryTest"/>
  <testcase name="testRetrieveExistingTag" time="0.0" classname="org.molgenis.downloader.client.MetadataRepositoryTest"/>
  <testcase name="testUpdateExistingAttribute" time="0.0" classname="org.molgenis.downloader.client.MetadataRepositoryTest"/>
  <testcase name="testUpdateExistingEntity" time="0.0" classname="org.molgenis.downloader.client.MetadataRepositoryTest"/>
  <testcase name="testUpdateExistingPackage" time="0.0" classname="org.molgenis.downloader.client.MetadataRepositoryTest"/>
  <testcase name="testUpdateExistingTag" time="0.001" classname="org.molgenis.downloader.client.MetadataRepositoryTest"/>
  <testcase name="testComparable" time="0.009" classname="org.molgenis.downloader.api.metadata.MolgenisVersionTest"/>
  <testcase name="testFrom" time="0.002" classname="org.molgenis.downloader.api.metadata.MolgenisVersionTest"/>
  <testcase name="testLargerThan" time="0.001" classname="org.molgenis.downloader.api.metadata.MolgenisVersionTest"/>
</testsuite> <!-- Command line test -->
