<?xml version="1.0" encoding="UTF-8" ?>
<testsuite tests="16" failures="0" name="TestSuite" time="0.078" errors="0" skipped="0">
  <properties>
[...]
</properties>
  <testcase classname="org.molgenis.downloader.client.MetadataRepositoryTest" name="testCreateNewAttribute" time="0.062"/>
  <testcase classname="org.molgenis.downloader.client.MetadataRepositoryTest" name="testCreateNewEntity" time="0"/>
  <testcase classname="org.molgenis.downloader.client.MetadataRepositoryTest" name="testCreateNewPackage" time="0.001"/>
  <testcase classname="org.molgenis.downloader.client.MetadataRepositoryTest" name="testCreateNewTag" time="0.001"/>
  <testcase classname="org.molgenis.downloader.client.MetadataRepositoryTest" name="testEntityByName" time="0"/>
  <testcase classname="org.molgenis.downloader.client.MetadataRepositoryTest" name="testRetrieveExistingAttribute" time="0"/>
  <testcase classname="org.molgenis.downloader.client.MetadataRepositoryTest" name="testRetrieveExistingEntity" time="0"/>
  <testcase classname="org.molgenis.downloader.client.MetadataRepositoryTest" name="testRetrieveExistingPackage" time="0"/>
  <testcase classname="org.molgenis.downloader.client.MetadataRepositoryTest" name="testRetrieveExistingTag" time="0.001"/>
  <testcase classname="org.molgenis.downloader.client.MetadataRepositoryTest" name="testUpdateExistingAttribute" time="0"/>
  <testcase classname="org.molgenis.downloader.client.MetadataRepositoryTest" name="testUpdateExistingEntity" time="0.001"/>
  <testcase classname="org.molgenis.downloader.client.MetadataRepositoryTest" name="testUpdateExistingPackage" time="0"/>
  <testcase classname="org.molgenis.downloader.client.MetadataRepositoryTest" name="testUpdateExistingTag" time="0"/>
  <testcase classname="org.molgenis.downloader.api.metadata.MolgenisVersionTest" name="testComparable" time="0.009"/>
  <testcase classname="org.molgenis.downloader.api.metadata.MolgenisVersionTest" name="testFrom" time="0.002"/>
  <testcase classname="org.molgenis.downloader.api.metadata.MolgenisVersionTest" name="testLargerThan" time="0.001"/>
</testsuite>