<?xml version="1.0" encoding="UTF-8"?>
<testng-results skipped="0" failed="0" total="16" passed="16">
  <reporter-output>
  </reporter-output>
  <suite name="Command line suite" duration-ms="96" started-at="2017-01-19T12:06:01Z" finished-at="2017-01-19T12:06:01Z">
    <groups>
    </groups>
    <test name="Command line test" duration-ms="96" started-at="2017-01-19T12:06:01Z" finished-at="2017-01-19T12:06:01Z">
      <class name="org.molgenis.downloader.api.metadata.MolgenisVersionTest">
        <test-method status="PASS" signature="testComparable()[pri:0, instance:org.molgenis.downloader.api.metadata.MolgenisVersionTest@7f690630]" name="testComparable" duration-ms="9" started-at="2017-01-19T13:06:01Z" finished-at="2017-01-19T13:06:01Z">
          <reporter-output>
          </reporter-output>
        </test-method> <!-- testComparable -->
        <test-method status="PASS" signature="testFrom()[pri:0, instance:org.molgenis.downloader.api.metadata.MolgenisVersionTest@7f690630]" name="testFrom" duration-ms="2" started-at="2017-01-19T13:06:01Z" finished-at="2017-01-19T13:06:01Z">
          <reporter-output>
          </reporter-output>
        </test-method> <!-- testFrom -->
        <test-method status="PASS" signature="testLargerThan()[pri:0, instance:org.molgenis.downloader.api.metadata.MolgenisVersionTest@7f690630]" name="testLargerThan" duration-ms="1" started-at="2017-01-19T13:06:01Z" finished-at="2017-01-19T13:06:01Z">
          <reporter-output>
          </reporter-output>
        </test-method> <!-- testLargerThan -->
      </class> <!-- org.molgenis.downloader.api.metadata.MolgenisVersionTest -->
      <class name="org.molgenis.downloader.client.MetadataRepositoryTest">
        <test-method status="PASS" signature="testCreateNewAttribute()[pri:0, instance:org.molgenis.downloader.client.MetadataRepositoryTest@17c68925]" name="testCreateNewAttribute" duration-ms="62" started-at="2017-01-19T13:06:01Z" finished-at="2017-01-19T13:06:01Z">
          <reporter-output>
          </reporter-output>
        </test-method> <!-- testCreateNewAttribute -->
        <test-method status="PASS" signature="testCreateNewEntity()[pri:0, instance:org.molgenis.downloader.client.MetadataRepositoryTest@17c68925]" name="testCreateNewEntity" duration-ms="2" started-at="2017-01-19T13:06:01Z" finished-at="2017-01-19T13:06:01Z">
          <reporter-output>
          </reporter-output>
        </test-method> <!-- testCreateNewEntity -->
        <test-method status="PASS" signature="testCreateNewPackage()[pri:0, instance:org.molgenis.downloader.client.MetadataRepositoryTest@17c68925]" name="testCreateNewPackage" duration-ms="1" started-at="2017-01-19T13:06:01Z" finished-at="2017-01-19T13:06:01Z">
          <reporter-output>
          </reporter-output>
        </test-method> <!-- testCreateNewPackage -->
        <test-method status="PASS" signature="testCreateNewTag()[pri:0, instance:org.molgenis.downloader.client.MetadataRepositoryTest@17c68925]" name="testCreateNewTag" duration-ms="2" started-at="2017-01-19T13:06:01Z" finished-at="2017-01-19T13:06:01Z">
          <reporter-output>
          </reporter-output>
        </test-method> <!-- testCreateNewTag -->
        <test-method status="PASS" signature="testEntityByName()[pri:0, instance:org.molgenis.downloader.client.MetadataRepositoryTest@17c68925]" name="testEntityByName" duration-ms="0" started-at="2017-01-19T13:06:01Z" finished-at="2017-01-19T13:06:01Z">
          <reporter-output>
          </reporter-output>
        </test-method> <!-- testEntityByName -->
        <test-method status="PASS" signature="testRetrieveExistingEntity()[pri:0, instance:org.molgenis.downloader.client.MetadataRepositoryTest@17c68925]" name="testRetrieveExistingEntity" duration-ms="0" started-at="2017-01-19T13:06:01Z" finished-at="2017-01-19T13:06:01Z">
          <reporter-output>
          </reporter-output>
        </test-method> <!-- testRetrieveExistingEntity -->
        <test-method status="PASS" signature="testRetrieveExistingAttribute()[pri:0, instance:org.molgenis.downloader.client.MetadataRepositoryTest@17c68925]" name="testRetrieveExistingAttribute" duration-ms="0" started-at="2017-01-19T13:06:01Z" finished-at="2017-01-19T13:06:01Z">
          <reporter-output>
          </reporter-output>
        </test-method> <!-- testRetrieveExistingAttribute -->
        <test-method status="PASS" signature="testRetrieveExistingTag()[pri:0, instance:org.molgenis.downloader.client.MetadataRepositoryTest@17c68925]" name="testRetrieveExistingTag" duration-ms="0" started-at="2017-01-19T13:06:01Z" finished-at="2017-01-19T13:06:01Z">
          <reporter-output>
          </reporter-output>
        </test-method> <!-- testRetrieveExistingTag -->
        <test-method status="PASS" signature="testRetrieveExistingPackage()[pri:0, instance:org.molgenis.downloader.client.MetadataRepositoryTest@17c68925]" name="testRetrieveExistingPackage" duration-ms="0" started-at="2017-01-19T13:06:01Z" finished-at="2017-01-19T13:06:01Z">
          <reporter-output>
          </reporter-output>
        </test-method> <!-- testRetrieveExistingPackage -->
        <test-method status="PASS" signature="testUpdateExistingEntity()[pri:0, instance:org.molgenis.downloader.client.MetadataRepositoryTest@17c68925]" name="testUpdateExistingEntity" duration-ms="0" started-at="2017-01-19T13:06:01Z" finished-at="2017-01-19T13:06:01Z">
          <reporter-output>
          </reporter-output>
        </test-method> <!-- testUpdateExistingEntity -->
        <test-method status="PASS" signature="testUpdateExistingAttribute()[pri:0, instance:org.molgenis.downloader.client.MetadataRepositoryTest@17c68925]" name="testUpdateExistingAttribute" duration-ms="0" started-at="2017-01-19T13:06:01Z" finished-at="2017-01-19T13:06:01Z">
          <reporter-output>
          </reporter-output>
        </test-method> <!-- testUpdateExistingAttribute -->
        <test-method status="PASS" signature="testUpdateExistingPackage()[pri:0, instance:org.molgenis.downloader.client.MetadataRepositoryTest@17c68925]" name="testUpdateExistingPackage" duration-ms="0" started-at="2017-01-19T13:06:01Z" finished-at="2017-01-19T13:06:01Z">
          <reporter-output>
          </reporter-output>
        </test-method> <!-- testUpdateExistingPackage -->
        <test-method status="PASS" signature="testUpdateExistingTag()[pri:0, instance:org.molgenis.downloader.client.MetadataRepositoryTest@17c68925]" name="testUpdateExistingTag" duration-ms="1" started-at="2017-01-19T13:06:01Z" finished-at="2017-01-19T13:06:01Z">
          <reporter-output>
          </reporter-output>
        </test-method> <!-- testUpdateExistingTag -->
      </class> <!-- org.molgenis.downloader.client.MetadataRepositoryTest -->
    </test> <!-- Command line test -->
  </suite> <!-- Command line suite -->
</testng-results>
